[2024-02-21 15:26:02,047: INFO: common: YAML file 'config\config.yaml' loaded successfully]
[2024-02-21 15:26:02,053: INFO: common: YAML file 'params.yaml' loaded successfully]
[2024-02-21 15:26:02,054: INFO: common: Directory created at: artifacts]
[2024-02-21 15:26:02,055: INFO: common: Directory created at: artifacts/data_ingestion]
[2024-02-21 15:26:02,056: INFO: 986331348: Downloading data from https://drive.google.com/file/d/16zGUaWWcFdghO9oaqriyg_h3zhOA7nRb/view?usp=drive_link into file artifacts/data_ingestion/data.zip]
[2024-02-21 15:29:41,672: INFO: 986331348: Downloaded data from https://drive.google.com/file/d/16zGUaWWcFdghO9oaqriyg_h3zhOA7nRb/view?usp=drive_link into file artifacts/data_ingestion/data.zip]
[2024-02-21 15:43:53,429: INFO: main: >>>>>> stage Data Ingestion stage started <<<<<<]
[2024-02-21 15:43:53,430: INFO: common: YAML file 'config\config.yaml' loaded successfully]
[2024-02-21 15:43:53,430: INFO: common: YAML file 'params.yaml' loaded successfully]
[2024-02-21 15:43:53,431: INFO: common: Directory created at: artifacts]
[2024-02-21 15:43:53,431: INFO: common: Directory created at: artifacts/data_ingestion]
[2024-02-21 15:43:53,432: INFO: data_ingestion: Downloading data from https://drive.google.com/file/d/16zGUaWWcFdghO9oaqriyg_h3zhOA7nRb/view?usp=drive_link into file artifacts/data_ingestion/data.zip]
[2024-02-21 15:47:05,961: INFO: data_ingestion: Downloaded data from https://drive.google.com/file/d/16zGUaWWcFdghO9oaqriyg_h3zhOA7nRb/view?usp=drive_link into file artifacts/data_ingestion/data.zip]
[2024-02-21 15:48:01,924: INFO: main: >>>>>> stage Data Ingestion stage completed <<<<<<

x==========x]
[2024-02-22 22:11:37,926: INFO: common: YAML file 'config\config.yaml' loaded successfully]
[2024-02-22 22:11:37,941: INFO: common: YAML file 'params.yaml' loaded successfully]
[2024-02-22 22:11:37,944: INFO: common: Directory created at: artifacts]
[2024-02-22 22:11:37,946: INFO: common: Directory created at: artifacts/prepare_base_model]
[2024-02-22 22:13:18,673: INFO: common: YAML file 'config\config.yaml' loaded successfully]
[2024-02-22 22:13:18,676: INFO: common: YAML file 'params.yaml' loaded successfully]
[2024-02-22 22:13:18,677: INFO: common: Directory created at: artifacts]
[2024-02-22 22:13:18,678: INFO: common: Directory created at: artifacts/prepare_base_model]
[2024-02-22 22:13:47,897: WARNING: saving_utils: Compiled the loaded model, but the compiled metrics have yet to be built. `model.compile_metrics` will be empty until you train or evaluate the model.]
[2024-02-22 22:24:10,550: INFO: main: >>>>>> stage Data Ingestion stage started <<<<<<]
[2024-02-22 22:24:10,552: INFO: common: YAML file 'config\config.yaml' loaded successfully]
[2024-02-22 22:24:10,553: INFO: common: YAML file 'params.yaml' loaded successfully]
[2024-02-22 22:24:10,554: INFO: common: Directory created at: artifacts]
[2024-02-22 22:24:10,554: INFO: common: Directory created at: artifacts/data_ingestion]
[2024-02-22 22:24:10,554: INFO: data_ingestion: Downloading data from https://drive.google.com/file/d/16zGUaWWcFdghO9oaqriyg_h3zhOA7nRb/view?usp=drive_link into file artifacts/data_ingestion/data.zip]
[2024-02-22 22:28:33,533: INFO: data_ingestion: Downloaded data from https://drive.google.com/file/d/16zGUaWWcFdghO9oaqriyg_h3zhOA7nRb/view?usp=drive_link into file artifacts/data_ingestion/data.zip]
[2024-02-22 22:29:30,164: INFO: main: >>>>>> stage Data Ingestion stage completed <<<<<<

x==========x]
[2024-02-22 22:29:30,164: INFO: main: *******************]
[2024-02-22 22:29:30,164: INFO: main: >>>>>> stage Prepare Base Model started <<<<<<]
[2024-02-22 22:29:30,166: INFO: common: YAML file 'config\config.yaml' loaded successfully]
[2024-02-22 22:29:30,168: INFO: common: YAML file 'params.yaml' loaded successfully]
[2024-02-22 22:29:30,168: INFO: common: Directory created at: artifacts]
[2024-02-22 22:29:30,168: INFO: common: Directory created at: artifacts/prepare_base_model]
[2024-02-22 22:29:31,048: WARNING: saving_utils: Compiled the loaded model, but the compiled metrics have yet to be built. `model.compile_metrics` will be empty until you train or evaluate the model.]
[2024-02-22 22:29:31,275: INFO: main: >>>>>> stage Prepare Base Model completed <<<<<<

x==========x]
[2024-02-22 22:40:53,297: INFO: common: YAML file 'config\config.yaml' loaded successfully]
[2024-02-22 22:40:53,308: INFO: common: YAML file 'params.yaml' loaded successfully]
[2024-02-22 22:40:53,310: INFO: common: Directory created at: artifacts]
[2024-02-22 22:40:53,311: INFO: common: Directory created at: artifacts\training]
[2024-02-22 22:50:16,604: INFO: common: YAML file 'config\config.yaml' loaded successfully]
[2024-02-22 22:50:16,607: INFO: common: YAML file 'params.yaml' loaded successfully]
[2024-02-22 22:50:16,607: INFO: common: Directory created at: artifacts]
[2024-02-22 22:50:16,608: INFO: common: Directory created at: artifacts\training]
[2024-02-22 22:51:05,619: INFO: common: YAML file 'config\config.yaml' loaded successfully]
[2024-02-22 22:51:05,621: INFO: common: YAML file 'params.yaml' loaded successfully]
[2024-02-22 22:51:05,623: INFO: common: Directory created at: artifacts]
[2024-02-22 22:51:05,624: INFO: common: Directory created at: artifacts\training]
[2024-02-22 22:51:22,884: INFO: common: YAML file 'config\config.yaml' loaded successfully]
[2024-02-22 22:51:22,887: INFO: common: YAML file 'params.yaml' loaded successfully]
[2024-02-22 22:51:22,889: INFO: common: Directory created at: artifacts]
[2024-02-22 22:51:22,890: INFO: common: Directory created at: artifacts\training]
[2024-02-22 22:52:00,612: INFO: common: YAML file 'config\config.yaml' loaded successfully]
[2024-02-22 22:52:00,615: INFO: common: YAML file 'params.yaml' loaded successfully]
[2024-02-22 22:52:00,617: INFO: common: Directory created at: artifacts]
[2024-02-22 22:52:00,618: INFO: common: Directory created at: artifacts\training]
[2024-02-22 22:53:12,130: INFO: common: YAML file 'config\config.yaml' loaded successfully]
[2024-02-22 22:53:12,133: INFO: common: YAML file 'params.yaml' loaded successfully]
[2024-02-22 22:53:12,134: INFO: common: Directory created at: artifacts]
[2024-02-22 22:53:12,135: INFO: common: Directory created at: artifacts\training]
[2024-02-22 22:54:26,834: INFO: common: YAML file 'config\config.yaml' loaded successfully]
[2024-02-22 22:54:26,837: INFO: common: YAML file 'params.yaml' loaded successfully]
[2024-02-22 22:54:26,839: INFO: common: Directory created at: artifacts]
[2024-02-22 22:54:26,840: INFO: common: Directory created at: artifacts\training]
[2024-02-22 22:55:12,617: INFO: common: YAML file 'config\config.yaml' loaded successfully]
[2024-02-22 22:55:12,619: INFO: common: YAML file 'params.yaml' loaded successfully]
[2024-02-22 22:55:12,620: INFO: common: Directory created at: artifacts]
[2024-02-22 22:55:12,621: INFO: common: Directory created at: artifacts\training]
[2024-02-22 22:56:54,866: INFO: common: YAML file 'config\config.yaml' loaded successfully]
[2024-02-22 22:56:54,870: INFO: common: YAML file 'params.yaml' loaded successfully]
[2024-02-22 22:56:54,871: INFO: common: Directory created at: artifacts]
[2024-02-22 22:56:54,872: INFO: common: Directory created at: artifacts\training]
[2024-02-23 10:23:38,842: INFO: main: >>>>>> stage Data Ingestion stage started <<<<<<]
[2024-02-23 10:23:38,850: INFO: common: YAML file 'config\config.yaml' loaded successfully]
[2024-02-23 10:23:38,859: INFO: common: YAML file 'params.yaml' loaded successfully]
[2024-02-23 10:23:38,861: INFO: common: Directory created at: artifacts]
[2024-02-23 10:23:38,861: INFO: common: Directory created at: artifacts/data_ingestion]
[2024-02-23 10:23:38,862: INFO: data_ingestion: Downloading data from https://drive.google.com/file/d/16zGUaWWcFdghO9oaqriyg_h3zhOA7nRb/view?usp=drive_link into file artifacts/data_ingestion/data.zip]
[2024-02-23 10:26:58,296: INFO: data_ingestion: Downloaded data from https://drive.google.com/file/d/16zGUaWWcFdghO9oaqriyg_h3zhOA7nRb/view?usp=drive_link into file artifacts/data_ingestion/data.zip]
[2024-02-23 10:27:52,089: INFO: main: >>>>>> stage Data Ingestion stage completed <<<<<<

x==========x]
[2024-02-23 10:27:52,089: INFO: main: *******************]
[2024-02-23 10:27:52,090: INFO: main: >>>>>> stage Prepare Base Model started <<<<<<]
[2024-02-23 10:27:52,091: INFO: common: YAML file 'config\config.yaml' loaded successfully]
[2024-02-23 10:27:52,093: INFO: common: YAML file 'params.yaml' loaded successfully]
[2024-02-23 10:27:52,093: INFO: common: Directory created at: artifacts]
[2024-02-23 10:27:52,094: INFO: common: Directory created at: artifacts/prepare_base_model]
[2024-02-23 10:27:53,104: WARNING: saving_utils: Compiled the loaded model, but the compiled metrics have yet to be built. `model.compile_metrics` will be empty until you train or evaluate the model.]
[2024-02-23 10:27:53,372: INFO: main: >>>>>> stage Prepare Base Model completed <<<<<<

x==========x]
[2024-02-23 10:27:53,372: INFO: main: *******************]
[2024-02-23 10:27:53,372: INFO: main: >>>>>> stage Model Training started <<<<<<]
[2024-02-23 10:27:53,374: INFO: common: YAML file 'config\config.yaml' loaded successfully]
[2024-02-23 10:27:53,375: INFO: common: YAML file 'params.yaml' loaded successfully]
[2024-02-23 10:27:53,376: INFO: common: Directory created at: artifacts]
[2024-02-23 10:27:53,377: INFO: common: Directory created at: artifacts\training]
[2024-02-23 15:54:09,809: INFO: main: >>>>>> stage Data Ingestion stage started <<<<<<]
[2024-02-23 15:54:09,809: INFO: common: YAML file 'config\config.yaml' loaded successfully]
[2024-02-23 15:54:09,830: INFO: common: YAML file 'params.yaml' loaded successfully]
[2024-02-23 15:54:09,830: INFO: common: Directory created at: artifacts]
[2024-02-23 15:54:09,830: INFO: common: Directory created at: artifacts/data_ingestion]
[2024-02-23 15:54:09,830: INFO: data_ingestion: Downloading data from https://drive.google.com/file/d/16zGUaWWcFdghO9oaqriyg_h3zhOA7nRb/view?usp=drive_link into file artifacts/data_ingestion/data.zip]
[2024-02-23 15:57:58,306: INFO: data_ingestion: Downloaded data from https://drive.google.com/file/d/16zGUaWWcFdghO9oaqriyg_h3zhOA7nRb/view?usp=drive_link into file artifacts/data_ingestion/data.zip]
[2024-02-23 15:58:47,744: INFO: main: >>>>>> stage Data Ingestion stage completed <<<<<<

x==========x]
[2024-02-23 15:58:47,745: INFO: main: *******************]
[2024-02-23 15:58:47,746: INFO: main: >>>>>> stage Prepare Base Model started <<<<<<]
[2024-02-23 15:58:47,748: INFO: common: YAML file 'config\config.yaml' loaded successfully]
[2024-02-23 15:58:47,750: INFO: common: YAML file 'params.yaml' loaded successfully]
[2024-02-23 15:58:47,750: INFO: common: Directory created at: artifacts]
[2024-02-23 15:58:47,751: INFO: common: Directory created at: artifacts/prepare_base_model]
[2024-02-23 15:58:48,606: WARNING: saving_utils: Compiled the loaded model, but the compiled metrics have yet to be built. `model.compile_metrics` will be empty until you train or evaluate the model.]
[2024-02-23 15:58:48,917: INFO: main: >>>>>> stage Prepare Base Model completed <<<<<<

x==========x]
[2024-02-23 15:58:48,917: INFO: main: *******************]
[2024-02-23 15:58:48,917: INFO: main: >>>>>> stage Model Training started <<<<<<]
[2024-02-23 15:58:48,920: INFO: common: YAML file 'config\config.yaml' loaded successfully]
[2024-02-23 15:58:48,920: INFO: common: YAML file 'params.yaml' loaded successfully]
[2024-02-23 15:58:48,920: INFO: common: Directory created at: artifacts]
[2024-02-23 15:58:48,920: INFO: common: Directory created at: artifacts\training]
[2024-02-23 18:07:41,033: INFO: main: >>>>>> stage Model Training completed <<<<<<

x==========x]
